<?xml version="1.0" encoding="UTF-8"?>
<!-- Generated by org.testng.reporters.JUnitReportReporter -->
<testsuite hostname="Lenovo" failures="0" tests="3" name="com.store.testcases.TC_CreateAccountPage" time="45.295" errors="0" timestamp="2024-02-03T20:25:54 IST" skipped="0">
  <testcase classname="com.store.testcases.TC_CreateAccountPage" name="veriyfUserCreationAndLogin" time="25.968"/>
  <testcase classname="com.store.testcases.TC_CreateAccountPage" name="verifyLogin" time="10.766"/>
  <testcase classname="com.store.testcases.TC_CreateAccountPage" name="verifySignOut" time="8.561"/>
</testsuite> <!-- com.store.testcases.TC_CreateAccountPage -->
